<?xml version="1.0" encoding="UTF-8"?>
<testng-results skipped="0" failed="0" ignored="0" total="1" passed="1">
  <reporter-output>
  </reporter-output>
  <suite name="Default suite" duration-ms="34972" started-at="2019-08-14T22:29:15Z" finished-at="2019-08-14T22:29:50Z">
    <groups>
    </groups>
    <test name="Default test" duration-ms="34972" started-at="2019-08-14T22:29:15Z" finished-at="2019-08-14T22:29:50Z">
      <class name="tests.LoginTest">
        <test-method status="PASS" signature="beforeSuite()[pri:0, instance:tests.LoginTest@cb51256]" name="beforeSuite" is-config="true" duration-ms="22309" started-at="2019-08-14T22:29:15Z" finished-at="2019-08-14T22:29:37Z">
          <reporter-output>
          </reporter-output>
        </test-method> <!-- beforeSuite -->
        <test-method status="PASS" signature="login()[pri:0, instance:tests.LoginTest@cb51256]" name="login" duration-ms="11302" started-at="2019-08-14T22:29:37Z" finished-at="2019-08-14T22:29:49Z">
          <reporter-output>
          </reporter-output>
        </test-method> <!-- login -->
        <test-method status="PASS" signature="afterSuite()[pri:0, instance:tests.LoginTest@cb51256]" name="afterSuite" is-config="true" duration-ms="1320" started-at="2019-08-14T22:29:49Z" finished-at="2019-08-14T22:29:50Z">
          <reporter-output>
          </reporter-output>
        </test-method> <!-- afterSuite -->
      </class> <!-- tests.LoginTest -->
    </test> <!-- Default test -->
  </suite> <!-- Default suite -->
</testng-results>
